<?xml version="1.0" encoding="UTF-8"?>
<testng-results skipped="0" failed="0" ignored="0" total="1" passed="1">
  <reporter-output>
  </reporter-output>
  <suite name="Default suite" duration-ms="55718" started-at="2020-11-17T19:12:02Z" finished-at="2020-11-17T19:12:57Z">
    <groups>
    </groups>
    <test name="Default test" duration-ms="55718" started-at="2020-11-17T19:12:02Z" finished-at="2020-11-17T19:12:57Z">
      <class name="tests.basic.TestTemplate">
        <test-method status="PASS" signature="init()[pri:0, instance:tests.basic.TestTemplate@4ba2ca36]" name="init" is-config="true" duration-ms="6568" started-at="2020-11-17T19:12:02Z" finished-at="2020-11-17T19:12:08Z">
          <reporter-output>
          </reporter-output>
        </test-method> <!-- init -->
        <test-method status="PASS" signature="test()[pri:0, instance:tests.basic.TestTemplate@4ba2ca36]" name="test" duration-ms="49084" started-at="2020-11-17T19:12:08Z" finished-at="2020-11-17T19:12:57Z">
          <reporter-output>
          </reporter-output>
        </test-method> <!-- test -->
      </class> <!-- tests.basic.TestTemplate -->
    </test> <!-- Default test -->
  </suite> <!-- Default suite -->
</testng-results>
